4m5dx.no-ip.org,7300,  #4M5DX
dxc.dx.or.kr,23,  #6L0NJ
7n4twl.homeip.net,8000,  #7N4TWL-7
ham.dyndns.org,7300,  #9A0CSI
bbs.cc.fer.hr,8000,  #9A0DXC
dxc.aa2mf.net,23,  #AA2MF
dxc.ab5k.net,23,  #AB5K
dxc-us.ab5k.net,23,  #AB5K-2
66.1.40.120,23,  #AB7AA
skcc.matrixlist.com,7300,  #AI4OF-1
dxc.jsdxc.net,7300,  #BD5RV
146.83.196.31,9000,  #CE4UYP-5
hamradio.isel.ipl.pt,41112,  #CS1SEL-5
cs3mad.dyndns.org,7300,  #CS3MAD
217.129.65.194,8181,  #CT2GWY-5
cx2sa.net,9000,  #CX2SA-6
dl5nam.no-ip.org,23,  #DB0ABH-15
db0cz.ampr.org,7300,  #DB0CZ-6
www.db0erf.de,41113,  #DB0ERF-5
db0fhn.efi.fh-nuernberg.de,7300,  #DB0FHN-6
db0hgw.dyndns.org,4111,  #DB0HGW-6
db0lj.dyndns.org,41112,  #DB0LJ-6
db0spc.myvnc.com,8000,  #DB0SPC-7
db0sue-7.ath.cx,8000,  #DB0SUE-7
clx.inetd.nl,9000,  #EA1CYZ-5
80.33.77.226,9000,  #EA1DX
campelo.cdf.udc.es,8000,  #EA1URF-5
ea3aks.org,8000,  #EA3AKS-5
ea3aks.org,41112,  #EA3AKS-8
dx.radiocq.com,8000,  #EA4RH-5
eadx.net,23,  #EA4URE-5
ea5elx.sytes.net,8000,  #EA5ELX-5
cluster.ea5rcg.org,8000,  #EA5RCG-5
ea5akc.myftp.org,24,  #EA5RKV-5
ea5urm.dns2go.com,7000,  #EA5URM-5
clusea5.uv.es,8000,  #EA5URV-5
ea7urg.homelinux.org,8001,  #EA7URG-5
dx.ea7urm.org,8000,  #EA7URM-5
213.96.177.244,8000,  #EA8URL-5
eb4ctd.myftp.org,9000,  #EB4CTD-5
80.32.9.99,8000,  #ED1ZAC-5
crc.epsevg.upc.es,8000,  #ED3ZAG
radioclub.epsevg.upc.es,8000,  #ED3ZAG-5
radioclub.epsevg.upc.es,5081,  #ED3ZAG-8
dx.ea7urc.org,8000,  #ED7ZAB-5
mayodx.ath.cx,7300,  #EI7MRE
shandx.ath.cx,5000,  #EI7SDX
dxc.ei7wdx.net,7300,  #EI7WDX
f3kt.dyndns.org,9000,  #F3KT-3
f4bwt.no-ip.org,7301,  #F4BWT-6
www.f5kbw.org,3284,  #F5KBW-3
f5mzn.org,9000,  #F5MZN-3
82.66.61.83,9000,  #F6BVP-3
f6ggy.dyndns.org,9000,  #F6GGY-3
f6kbi.dyndns.org,9000,  #F6KBI-3
f6gcp-pat.dyndns.org,7300,  #F6KBK-3
radio-linux.isti.cnr.it,23,  #F6KCE-3
f6kdf.ath.cx,7300,  #F6KDF-8
f6kmo.dyndns.org,9000,  #F6KMO-3
f8ciy.servehttp.com,9000,  #F8CIY-3
f8kgk.dyndns.org,9000,  #F8KGK-3
gb7baa.com,7300,  #GB7BAA
dxc.gb7bux.co.uk,7300,  #GB7BUX
cluster.gb7cdx.net,7373,  #GB7CDX
gb7cgl.ath.cx,23,  #GB7CGL-1
gb7djk.dxcluster.net,7300,  #GB7DJK
nt.amersham.net,7300,  #GB7DXA
gb7dxe.dyndns.org,7300,  #GB7DXE
gb7dxg.shacknet.nu,7300,  #GB7DXG-1
gb7dxg.shacknet.nu,7310,  #GB7DXG-4
gb7dxs.hopto.org,7300,  #GB7DXS
taurus2.plus.com,7300,  #GB7IMK
gb7mbc.spoo.org,8000,  #GB7MBC
gb7nhr.shacknet.nu,7300,  #GB7NHR
g7rau.demon.co.uk,7374,  #GB7RAU
g3ldi.shacknet.nu,7000,  #GB7RDX-1
gb7ujs.shacknet.nu,7373,  #GB7UJS
gb7wdx.homelinux.net,8000,  #GB7WDX
gmdx.tzo.com,23,  #GB7XDX-1
gb7ydx.ath.cx,7300,  #GB7YDX
ha5di.dyndns.org,8000,  #HA5DI-5
ha5dxc.homelinux.net,8000,  #HA5DXC
dx.hu,9000,  #HA6DX
hb9cgb.ampr.org,8000,  #HB9CGB-8
hrd_cluster.ham-radio.ch,7300,  #HB9DRV-2
dx.hb9gl.ch,7300,  #HB9GL-6
dxc.iapc.ch,8000,  #HB9IAC-8
www.hb9ok.org,41112,  #HB9OK-6
www.hb9ok.org,8000,  #HB9OK-9
radio-linux.isti.cnr.it,23,  #HG8DXC
hg8lxl.ham.hu,8000,  #HG8PRC
200.46.129.2,9000,  #HP2AT-4
hs0zer.no-ip.com,9000,  #HS0ZER-15
i0inu.dyndns.org,7300,  #I0INU-6
i5uxj-2.cln.it,8000,  #I5UXJ-2
i8nhj-6.pagus.it,23,  #I8NHJ-6
ik0xwv.no-ip.org,9000,  #IK0XWV-6
ik1hjs.it,7300,  #IK1HJS-6
dx.ik1znw.org,8000,  #IK1ZNW-6
80.67.113.160,8000,  #IK2XDE-6
ik3edj.dxgang.net,9000,  #IK3EDJ-6
ik4icz.dyndns.org,8000,  #IK4ICZ-6
ir5pit.isti.cnr.it,8000,  #IK5PWJ-6
ik5yzw.dyndns.org,8000,  #IK5YZW-6
ik5zuk.dyndns.org,8000,  #IK5ZUK-6
88.149.137.227,40112,  #IK6IHL-6
88.149.137.227,9000,  #IK6TJX-6
ik6xmi.shacknet.nu,3000,  #IK6XMI-2
ik7imo.dyndns.org,7000,  #IK7IMO-6
ik7mcj-6.dyndns.org,7000,  #IK7MCJ-6
ik7nxu.dyndns.org,9000,  #IK7NXQ-6
ik7nxu.dyndns.org,8000,  #IK7NXU-6
ik7qlz.dyndns.org,7000,  #IK7QLZ-6
ik8hjc.dyndns.org,8000,  #IK8HJC-6
ik8vrn.dyndns.org,7000,  #IK8VRN-6
cluster.ari-rivarolo.org,7000,  #IQ1GP-6
aribra.it,7000,  #IQ1RY-6
dxcluster.arimodena.it,8000,  #IQ4AX-6
iq4rn.aririmini.it,8000,  #IQ4RN-6
80.205.215.149,8000,  #IQ8BB-6
160.97.55.211,80,  #IQ8CS-6
ir3dxc.net,41112,  #IR3DXC
ir4ad.tzo.com,23,  #IR4AD
ir4u.dyndns.org,8000,  #IR4U-6
iq4bq.dyndns.org,8000,  #IR4X-6
radio-linux.isti.cnr.it,8000,  #IR5PWJ-6
ir8aw.dyndns.org,9000,  #IR8AW-6
ir8aw.dyndns.org,7300,  #IR8AW-8
esiclu.dyndns.org,7000,  #IR9ESI
is0grb.it,41112,  #IS0GRB-6
it9blb-6.ath.cx,8000,  #IT9BLB-6
it9dln.homeip.net,41112,  #IT9DLN-6
151.38.27.211,8000,  #IT9HZC-9
62.94.37.172,41112,  #IT9LCP-6
it9obk.org,41112,  #IT9OBK-6
iv3scp.dyndns.org,7300,  #IV3SCP-6
iw2oaz.dyndns.org,7300,  #IW2OAZ-6
radio-linux.isti.cnr.it,23,  #IW5DAM-GW
ham.homelinux.org,8000,  #IW5ECF-6
iw8pgt.org,8000,  #IW8PGT-9
iw9fdd.homeip.net,9000,  #IW9FDD-6
iz5fsa.homedns.org,7300,  #IZ5FSA-6
radiogw1.univpm.it,41112,  #IZ6DDQ-6
iz6fzs.dyndns.org,9000,  #IZ6FZS-6
dx.iz7auh.net,8000,  #IZ7AUH-6
iz8bri.dyndns.org,9000,  #IZ8BRI-6
iz8fst.dyndns.org,9000,  #IZ8FST-6
ja1bwa.ddo.jp,8010,  #JA1BWA-11
ja2yyf.dxcluster.jp,23,  #JA2YYF
ja2yyf.dxcluster.jp,7300,  #JA2YYF-9
linux.figaro.gr.jp,9000,  #JA3QGI-4
ueda-sj.ddo.jp,8000,  #JA4PXC-11
ja8iyi-telnet.jp,23,  #JA8IYI
ja9ipf.dyndns.org,9000,  #JA9IPF
ja3yaq.ampr.org,9000,  #JE3YEK
w1vx.atnifty.com,23,  #JF1OCQ
dxc.jg1vgx.net,7300,  #JG1VGX-9
jh1rfm.ddo.jp,9000,  #JH1RFM-11
jh1rfm.ddo.jp,7300,  #JH1RFM-9
jh2zyy.d2g.com,23,  #JH2ZYY
www.610dx.com,41112,  #JH3LFL
jh6vlf.ddo.jp,8000,  #JH6VLF-11
ji2zmj.dyndns.org,9000,  #JI2ZMJ
ja2yyf.dxcluster.jp,7373,  #JI2ZOI-9
jk1zrw.dyndns.org,41112,  #JK1ZRW-11
jk1zrw.dyndns.org,7300,  #JK1ZRW-9
jl1uxh.ddo.jp,23,  #JL1UXH-11
k0gnd.unl.edu,23,  #K0GND
k1aj.mine.nu,7300,  #K1AJ
dxc.k1ea.com,7300,  #K1EA
k1eu.dynip.com,23,  #K1EU
falara.whoi.edu,23,  #K1RK
dxc.k1ttt.net,23,  #K1TTT
dxc.k1xx.com,7300,  #K1XX
k2can.net,4000,  #K2CAN
K2HVC.ham-radio-op.net,7300,  #K2HVC
dxc.k2ls.com,23,  #K2LS
k2ut.gofrc.org,23,  #K2UT
dx.k3lr.com,23,  #K3LR
dxc.k3nc.com,23,  #K3NC
dxc.k3ske.net,23,  #K3SKE
cluster.dynalias.org,23,  #K3UK
k3ww.gofrc.org,7300,  #K3WW
k4au.no-ip.org,23,  #K4AU
k4jw.no-ip.com,41414,  #K4JW
hvldx.tzo.com,41112,  #K4QC
k4sac.brescia.edu,7300,  #K4SAC-1
k4uga.uga.edu,599,  #K4UGA
dx3.uga.edu,7300,  #K4UGA-2
cluster.dx-is.org,23,  #K4UJ-2
k4vu.net,7300,  #K4VU
wo5g.dynip.com,23,  #K5BLV
dxc.tdxs.net,23,  #K5DX
dxc.mdxa.org,23,  #K5MDX
67.10.139.211,8000,  #K5PLD-2
k5utd.utdallas.edu,23,  #K5UTD
dxc.k6llk.com,23,  #K6LLK
k6np.no-ip.org,23,  #K6NP
k7ar.net,7300,  #K7AR
k7ek.dyndns.org,9000,  #K7EK-1
k7tj.ewarg.org,7300,  #K7TJ-1
k8az.no-ip.com,23,  #K8AZ
k8smc.com,23,  #K8SMC
dxc.k9aj.net,23,  #K9AJ
soliton.csl.uiuc.edu,8000,  #K9USA
ka3kdl.com,7373,  #KA3KDL
dxc-ts-ka5eyh.drhnet.com,23,  #KA5EYH-1
dxc-ka5eyh.drhnet.com,23,  #KA5EYH-2
dxc.kb1h.com,7300,  #KB1H
kb2faf.net,7300,  #KB2FAF-12
209.209.194.166,23,  #KB5VJY-1
kb7hdx.dyndns.org,7300,  #KB7HDX
kb9kkn.com,7300,  #KB9KKN
kb9tpg.no-ip.org,23,  #KB9RNO
www.kc2cwt.net,7300,  #KC2CWT-9
kd4gca.dyndns.org,7300,  #KD4GCA-9
ke2oi.dyndns.org,7300,  #KE2OI
kg5ne.no-ip.com,23,  #KG5NE
69.178.9.102,8000,  #KL7G
kn2m.d2g.com,23,  #KN2M
dxc.kn4f.net,23,  #KN4F
kn8coq.wmfd.com,23,  #KN8COQ
kn9n.no-ip.org,7300,  #KN9N
136.145.86.189,23,  #KP3DX
kp4jrs.dyndns.org,23,  #KP4JRS
kr9u.net,23,  #KR9U
dx.ks4q.net,23,  #KS4Q
dx.ks4q.net,7373,  #KS4Q-1
209.172.190.22,23,  #KS9W
ky4dx.no-ip.com,23,  #KY4DX
193.75.61.192,7300,  #LA1B-9
la3r-6.shacknet.nu,9000,  #LA3R-6
88.88.127.64,9000,  #LA7Q-6
200.16.245.244,9000,  #LU5YBR-2
lu6dts.com.ar,41112,  #LU6DTS
lu9da.dyndns.org,9000,  #LU9DA-6
radio-linux.isti.cnr.it,23,  #LX0IST-7
sector7.nu,7376,  #M0UKC
dx.nmdxa.org,23,  #N0BIL
n0cda.homedns.org,7300,  #N0CDA-1
cluster.dx-central.com,23,  #N0VD-8
71.80.22.159,7300,  #N1HEJ
n1ofz.dyndns.org,7300,  #N1OFZ-5
n1uan.dyndns.org,7300,  #N1UAN-9
dxc.n2ki.com,7300,  #N2KI
n3meq.dynip.com,8000,  #N3MEQ-2
n4ser.dyndns.org,23,  #N4SER
dx.harwood.com,8000,  #N4VFF-2
dxc.n4zkf.com,23,  #N4ZKF
dxc.n4zkf.com,7373,  #N4ZKF-1
dxspots.com,23,  #N5IN
dxspots.net,23,  #N5IN-2
dxc.n5uxt.net,23,  #N5UXT-8
n6ws.dyndns.org,7300,  #N6WS-6
n7az.net,7373,  #N7AZ
n7od.pentux.net,23,  #N7OD
dxc.n7tr.com,23,  #N7TR
24.21.4.53,7300,  #N7XG-7
n7xy.net,7300,  #N7XY
n8nm.servebeer.com,23,  #N8NM
w8bs.dyndns.org,7300,  #N8OJ
n8ux.no-ip.org,23,  #N8UX
206.40.107.209,23,  #N9BMS
dx.n9jr.com,7300,  #N9JR-2
n9kt.dyndns.org,8000,  #N9KT-2
www.n9mw.com,23,  #N9MW
nc7j.qrq.com,8000,  #NC7J
dxc.ne3h.net,23,  #NE3H
ng2p.ham-radio-op.net,7300,  #NG2P
n7az.net,23,  #NJ7I
nn1d.ath.cx,7300,  #NN1D
dxc.np3n.com,7300,  #NP3N
oe9xpr.ampr.org,8000,  #OE9XPR-9
ham.connect.fi,7300,  #OH2J-7
oh5rbi-cl.oh5ai.fi,8000,  #OH5RBI
ok0dxh.goo.cz,8000,  #OK0DXH
ok0dxi.nagano.cz,41112,  #OK0DXI
radio-linux.isti.cnr.it,23,  #OK0DXP
ok0ntu.ampr.cz,7373,  #OK0DXU
on0dxc.dyndns.org,8000,  #ON0DXC
193.191.136.222,8000,  #ON0DXK-5
on0lg.dyndns.org,8000,  #ON0LG-5
nolcluster.dyndns.org,9000,  #ON0NOL-9
op0p.dyndns.org,7373,  #OP0P
80.198.77.12,8000,  #OZ2DXC
194.192.135.177,8000,  #OZ5BBS-7
80.197.188.226,9000,  #OZ7DXC
dxc.p43l.com,7300,  #P43L
pa1rbz.dyndns.org,9000,  #PA1RBZ
dxc.pa2dx.nl,9000,  #PA2DX-7
pe2ab.inetd.nl,8000,  #PA4AB-14
217.122.31.137,7300,  #PA4JJ-1
www.remijn.net,7530,  #PA5KT-15
dxc.pa6.nl,23,  #PA6NL-1
dxc.pe1itr.com,7300,  #PE1ITR-8
kv4oa.ampr.org,23,  #PI1OSS-8
dxc.pi4cc.nl,8000,  #PI4CC
claudia.esrac.ele.tue.nl,8000,  #PI5EHV-8
radio-linux.isti.cnr.it,23,  #PI8CDR-7
pi8dxc.dynanic.com,41112,  #PI8DXC
62.221.253.13,23,  #PI8DXF-7
lnx.lfc.mat.br,8000,  #PP5AQ-12
pp5mcb.dyndns.org,9000,  #PP5MCB
pp5mcb.dyndns.org,8000,  #PP5MCB-1
dxc.integral.com.br,7300,  #PY2XB-6
dxc.baependi.com.br,8000,  #PY3NZ-8
200.251.230.13,9000,  #PY4VE-9
dxc.amprnet.org.br,9000,  #PY5UFP-11
213.141.144.54,23,  #RA3AWW
212.44.71.130,8000,  #RK2FWB
vreal.ru,7300,  #RK6EWX
rn6bn.73.ru,23,  #RN6BN
ukw.73.ru,7373,  #RN6BN-1
ampr.pssr.ru,41112,  #RU9CZZ
dxc.andys.ru,41112,  #RV0AEV-1
dx.obninsk.org,8000,  #RW3XA-8
81.200.209.35,23,  #RX4HW
rlk.pu.ru,41112,  #RZ1AWT
s50clx.infrax.si,41112,  #S50CLX
s50dxs.ods.org,8000,  #S50DXS
thr-1.math.kth.se,8000,  #SK0BU-5
sk2au.mine.nu,23,  #SK2AU-6
sk3gw.shacknet.nu,8000,  #SK3GW-6
sk3w.se,8000,  #SK3W-6
cluster.sk4bx.se,8000,  #SK4BX-7
packet.sk6lk.se,7300,  #SK6LK-6
sm7ndx.dyndns.org,8000,  #SK7AX-6
170228.umestan.com,7300,  #SL2ZA-6
ax25.org,8000,  #SM0RUX-6
cluster.sk4bw.net,8000,  #SM4ONW-14
sm5xgp.dyndns.org,7300,  #SM5XGP-6
sm6hoc2.dyndns.org,7300,  #SM6HOC-4
sm6hoc.dyndns.org,7300,  #SM6HOC-6
sector7.nu,8000,  #SM6YOU-2
sm7gvf.dyndns.org,3692,  #SM7GVF-6
193.34.47.19,23,  #SQ9NFI
www.sr1bsz.ampr.org,9000,  #SR1DXZ
ampr.bsb.com.pl,9000,  #SR2BOX-12
www.ampr.jestok.com,9000,  #SR4DXC
www.ampr.jestok.com,7300,  #SR4DXC-1
157.158.189.199,9000,  #SR9DDF-12
195.150.236.250,9000,  #SR9ZAA-12
sv1cmg.dyndns.org,8000,  #SV1CMG-4
agrinio.ampr.org,8000,  #SV1CPO-8
sv1day.homeip.net,23,  #SV1DAY-5
sv2bzq.dyndns.org,8000,  #SV2BZQ-2
62.38.223.163,7300,  #SV2DWG-8
sz1sv.redirectme.net,23,  #SZ1SV
tr8ca.no-ip.org,9000,  #TR0A-3
tu5ex.com,9000,  #TU5EX-3
remo3.renet.ru,8000,  #UA4CC
dx.penzanet.ru,8000,  #UA4FBG
radio-linux.isti.cnr.it,23,  #UR3IJC-11
clx.latorica.lviv.ua,41112,  #US5WE
ut7l.antenna.net.ua,23,  #UT7L-1
va3mw.homeip.net,41112,  #VA3MW-7
rodneymann.com,7300,  #VE1CFB
ve1dxi.no-ip.com,23,  #VE1DXI
ve2fda.no-ip.org,9000,  #VE2FDA-3
ve2pkt.dyndns.org,9000,  #VE2PKT-9
ve3cgr.dyndns.org,7300,  #VE3CGR-5
dx.fireroute.com,23,  #VE3EY-7
ve3fjb.dyndns.org,41112,  #VE3FJB
ve3kyg.dyndns.org,7300,  #VE3KYG-1
ve5bt.no-ip.ca,41112,  #VE5BT-7
dxc.middlebrook.ca,8000,  #VE6DXC
ve6dxd.tzo.com,23,  #VE6DXD
dxc.middlebrook.ca,23,  #VE6TN-7
dxc.ve7cc.net,23,  #VE7CC-1
ve9emo.gnb.ca,23,  #VE9EMO-9
vk3apc.mdrc.org.au,41112,  #VK3APC-4
cluster.vk3ave.net,7300,  #VK3AVE-4
radio.vk3heg.net,7300,  #VK3HEG-4
vk4trs.ath.cx,8000,  #VK4TRS-7
ddmcomputers.com,7300,  #VK7HDM-2
vk8nsb.shacknet.nu,7300,  #VK8NSB-7
dxcluster.in,23,  #VU3SPQ
w0mu.net,23,  #W0MU
w0mw.dynip.com,23,  #W0MW
dxusa.net,7300,  #W1DX
dx.w1gq.net,23,  #W1GQ
w1ngl.no-ip.org,9000,  #W1NGL-3
dxc.w1nr.net,23,  #W1NR
24.185.125.244,23,  #W2GSB
w2ps.tzo.com,23,  #W2PS
dxc.w3lpl.net,23,  #W3LPL
w4lee.lee.k12.al.us,23,  #W4LEE
dxc.w4ml.net,23,  #W4ML
w4mr.tzo.com,23,  #W4MR
207.162.164.157,23,  #W4NJA-1
nadxc.no-ip.org,7300,  #W4QB
w4to.no-ip.com,23,  #W4TO
w4uat.no-ip.com,23,  #W4UAT
w4zr.dyndns.org,23,  #W4ZR
w6kk.zapto.org,7300,  #W6KK
ucsbdx.ece.ucsb.edu,7300,  #W6RFU
ch.w6rk.com,7300,  #W6RK-2
w6tk.ham-radio-op.net,8000,  #W6TK-6
w7dx.net,23,  #W7DX
k7ek.dyndns.org,7373,  #W7JD-2
w7pkt.net,7300,  #W7PKT
w8alc.ohiopacket.org,23,  #W8ALC
w8ft.no-ip.com,23,  #W8FT
69.212.234.48,23,  #W9AZ
131.156.2.135,41112,  #W9NIU
w9odd.bien.mu.edu,23,  #W9ODD
w9yb-dx.student-orgs.purdue.edu,23,  #W9YB
w9yt-4.engr.wisc.edu,23,  #W9YT
dxc.w9zrx.net,23,  #W9ZRX
wa0roi.no-ip.com,23,  #WA0ROI
rich.iplocate.net,7300,  #WA2UMX
dxc.w4dfu.ufl.edu,23,  #WA4ET
scotty.acsnet.com,7300,  #WB0YRQ-7
dx.n1uro.com,9001,  #WB2ONA
wb6jar.no-ip.org,23,  #WB6JAR
wb9cif.no-ip.com,23,  #WB9CIF
dxc.wc2l.com,23,  #WC2L
dxc.wd1l.net,7300,  #WD1L
dxc.wd4ixd.net,23,  #WD4IXD
wf5e.no-ip.com,23,  #WF5E
wg9l.no-ip.com,23,  #WG9L
dxc.wm3t.com,7300,  #WM3T
wr3d.dxcluster.net,7300,  #WR3D
dxc.wr3l.net,23,  #WR3L
wt6g.us,7300,  #WT6G
w8gn.no-ip.com,23,  #WT8C
dxc.ww1r.com,7300,  #WW1R-9
xe2au.org,23,  #XE2AU
dxc.ardi.lv,8000,  #YL7DXC
82.77.126.79,8000,  #YO5KAV
yo5oag.ro,8000,  #YO5OAG-5
dx.kg.ac.yu,8000,  #YU0DXK
www.yu1exy.org,8000,  #YU1EXY-7
yv5aj.org,7000,  #YV5AJ
yv5kxe.org,7300,  #YV5KXE
yv6btf.no-ip.org,8000,  #YV6BTF-7
olson.net.nz,9000,  #ZL2AQY-10
zl2arn.ath.cx,7300,  #ZL2ARN-10
www.zs6ro.co.za,8050,  #ZS6RO-1
